<?xml version="1.0" encoding="UTF-8"?>
<!-- Generated by org.testng.reporters.JUnitReportReporter -->
<testsuite hostname="LAPTOP-NGKP0VFT" name="BonusOperationTest" tests="3" failures="0" timestamp="11 Aug 2019 07:20:20 GMT" time="0.946" errors="0">
  <testcase name="testViewBonusDetail" time="0.070" classname="BonusOperationTest"/>
  <testcase name="testSendBonusByMemLv" time="0.402" classname="BonusOperationTest"/>
  <testcase name="testSendBonusByMem" time="0.474" classname="BonusOperationTest"/>
</testsuite> <!-- BonusOperationTest -->
