<?xml version="1.0" encoding="UTF-8"?>
<!-- Generated by org.testng.reporters.JUnitReportReporter -->
<testsuite hostname="LAPTOP-NGKP0VFT" name="BonusDeleteTest" tests="1" failures="0" timestamp="11 Aug 2019 07:20:20 GMT" time="0.167" errors="0">
  <testcase name="testDeleteBonus" time="0.167" classname="BonusDeleteTest"/>
</testsuite> <!-- BonusDeleteTest -->
