<?xml version="1.0" encoding="UTF-8"?>
<!-- Generated by org.testng.reporters.JUnitReportReporter -->
<testsuite hostname="LAPTOP-NGKP0VFT" name="CatAddTest" tests="2" failures="0" timestamp="11 Aug 2019 07:20:20 GMT" time="0.773" errors="0">
  <testcase name="testAddsubCat" time="0.362" classname="CatAddTest"/>
  <testcase name="testAddCat" time="0.411" classname="CatAddTest"/>
</testsuite> <!-- CatAddTest -->
