<?xml version="1.0" encoding="UTF-8"?>
<!-- Generated by org.testng.reporters.JUnitReportReporter -->
<testsuite hostname="LAPTOP-NGKP0VFT" name="UserAddTest" tests="3" failures="0" timestamp="11 Aug 2019 07:20:20 GMT" time="0.794" errors="0">
  <testcase name="testAddDuplicateUser" time="0.046" classname="UserAddTest"/>
  <testcase name="testDismissParam" time="0.103" classname="UserAddTest"/>
  <testcase name="testAddUser" time="0.645" classname="UserAddTest"/>
</testsuite> <!-- UserAddTest -->
