<?xml version="1.0" encoding="UTF-8"?>
<!-- Generated by org.testng.reporters.JUnitReportReporter -->
<testsuite hostname="LAPTOP-NGKP0VFT" name="UserEditTest" tests="4" failures="0" timestamp="11 Aug 2019 07:20:20 GMT" time="0.516" errors="0">
  <testcase name="testEditMember1" time="0.151" classname="UserEditTest"/>
  <testcase name="testDismissParam" time="0.083" classname="UserEditTest"/>
  <testcase name="testSpeChar" time="0.125" classname="UserEditTest"/>
  <testcase name="testEditMember1" time="0.157" classname="UserEditTest"/>
</testsuite> <!-- UserEditTest -->
