<?xml version="1.0" encoding="UTF-8"?>
<!-- Generated by org.testng.reporters.JUnitReportReporter -->
<testsuite hostname="LAPTOP-NGKP0VFT" name="CatDeleteTest" tests="2" failures="0" timestamp="11 Aug 2019 07:20:20 GMT" time="0.099" errors="0">
  <testcase name="testDeleteCat" time="0.038" classname="CatDeleteTest"/>
  <testcase name="testDeleteSubCat" time="0.061" classname="CatDeleteTest"/>
</testsuite> <!-- CatDeleteTest -->
