<?xml version="1.0" encoding="UTF-8"?>
<!-- Generated by org.testng.reporters.JUnitReportReporter -->
<testsuite hostname="LAPTOP-NGKP0VFT" name="GoodsDeleteTest" tests="1" failures="0" timestamp="11 Aug 2019 07:20:20 GMT" time="0.231" errors="0">
  <testcase name="testDeleteGoods" time="0.231" classname="GoodsDeleteTest"/>
</testsuite> <!-- GoodsDeleteTest -->
