<?xml version="1.0" encoding="UTF-8"?>
<!-- Generated by org.testng.reporters.JUnitReportReporter -->
<testsuite hostname="LAPTOP-NGKP0VFT" name="GoodsAddTest" tests="3" failures="0" timestamp="11 Aug 2019 07:20:20 GMT" time="1.648" errors="0">
  <testcase name="testAddDuplicateGoods" time="0.163" classname="GoodsAddTest"/>
  <testcase name="testAddGoods" time="1.298" classname="GoodsAddTest"/>
  <testcase name="testDismissParam" time="0.187" classname="GoodsAddTest"/>
</testsuite> <!-- GoodsAddTest -->
