<?xml version="1.0" encoding="UTF-8"?>
<!-- Generated by org.testng.reporters.JUnitReportReporter -->
<testsuite hostname="LAPTOP-NGKP0VFT" name="GoodsStoreTest" tests="3" failures="0" timestamp="11 Aug 2019 07:20:20 GMT" time="1.914" errors="0">
  <testcase name="testOldGoodsSaveStock" time="0.645" classname="GoodsStoreTest"/>
  <testcase name="testMaintanceStore" time="0.602" classname="GoodsStoreTest"/>
  <testcase name="testSaveStock" time="0.667" classname="GoodsStoreTest"/>
</testsuite> <!-- GoodsStoreTest -->
