<?xml version="1.0" encoding="UTF-8"?>
<!-- Generated by org.testng.reporters.JUnitReportReporter -->
<testsuite hostname="LAPTOP-NGKP0VFT" name="TypeSetTest" tests="3" failures="0" timestamp="11 Aug 2019 07:20:20 GMT" time="0.719" errors="0">
  <testcase name="testSaveParam" time="0.198" classname="TypeSetTest"/>
  <testcase name="testSaveBrand" time="0.290" classname="TypeSetTest"/>
  <testcase name="testSaveProps" time="0.231" classname="TypeSetTest"/>
</testsuite> <!-- TypeSetTest -->
