<?xml version="1.0" encoding="UTF-8"?>
<!-- Generated by org.testng.reporters.JUnitReportReporter -->
<testsuite hostname="LAPTOP-NGKP0VFT" name="GoodsListTest" tests="3" failures="0" timestamp="11 Aug 2019 07:20:20 GMT" time="0.422" errors="0">
  <testcase name="testSearchGoodsByCat" time="0.139" classname="GoodsListTest"/>
  <testcase name="testSearchByGoodsname" time="0.106" classname="GoodsListTest"/>
  <testcase name="testGoodsList" time="0.177" classname="GoodsListTest"/>
</testsuite> <!-- GoodsListTest -->
